CRITICAL - 2022-06-25 05:13:11 --> Trying to access array offset on value of type null
in APPPATH\Controllers\Auth.php on line 65.
 1 APPPATH\Controllers\Auth.php(65): CodeIgniter\Debug\Exceptions->errorHandler(2, 'Trying to access array offset on value of type null', 'APPPATH\\Controllers\\Auth.php', 65)
 2 SYSTEMPATH\CodeIgniter.php(898): App\Controllers\Auth->auth()
 3 SYSTEMPATH\CodeIgniter.php(468): CodeIgniter\CodeIgniter->runController(Object(App\Controllers\Auth))
 4 SYSTEMPATH\CodeIgniter.php(351): CodeIgniter\CodeIgniter->handleRequest(null, Object(Config\Cache), false)
 5 FCPATH\index.php(55): CodeIgniter\CodeIgniter->run()
CRITICAL - 2022-06-25 05:27:06 --> Trying to access array offset on value of type null
in APPPATH\Controllers\Auth.php on line 65.
 1 APPPATH\Controllers\Auth.php(65): CodeIgniter\Debug\Exceptions->errorHandler(2, 'Trying to access array offset on value of type null', 'APPPATH\\Controllers\\Auth.php', 65)
 2 SYSTEMPATH\CodeIgniter.php(898): App\Controllers\Auth->auth()
 3 SYSTEMPATH\CodeIgniter.php(468): CodeIgniter\CodeIgniter->runController(Object(App\Controllers\Auth))
 4 SYSTEMPATH\CodeIgniter.php(351): CodeIgniter\CodeIgniter->handleRequest(null, Object(Config\Cache), false)
 5 FCPATH\index.php(55): CodeIgniter\CodeIgniter->run()
CRITICAL - 2022-06-25 05:30:57 --> Trying to access array offset on value of type null
in APPPATH\Controllers\Auth.php on line 66.
 1 APPPATH\Controllers\Auth.php(66): CodeIgniter\Debug\Exceptions->errorHandler(2, 'Trying to access array offset on value of type null', 'APPPATH\\Controllers\\Auth.php', 66)
 2 SYSTEMPATH\CodeIgniter.php(898): App\Controllers\Auth->auth()
 3 SYSTEMPATH\CodeIgniter.php(468): CodeIgniter\CodeIgniter->runController(Object(App\Controllers\Auth))
 4 SYSTEMPATH\CodeIgniter.php(351): CodeIgniter\CodeIgniter->handleRequest(null, Object(Config\Cache), false)
 5 FCPATH\index.php(55): CodeIgniter\CodeIgniter->run()
CRITICAL - 2022-06-25 05:36:45 --> Undefined variable $session
in APPPATH\Controllers\Auth.php on line 72.
 1 APPPATH\Controllers\Auth.php(72): CodeIgniter\Debug\Exceptions->errorHandler(2, 'Undefined variable $session', 'APPPATH\\Controllers\\Auth.php', 72)
 2 SYSTEMPATH\CodeIgniter.php(898): App\Controllers\Auth->auth()
 3 SYSTEMPATH\CodeIgniter.php(468): CodeIgniter\CodeIgniter->runController(Object(App\Controllers\Auth))
 4 SYSTEMPATH\CodeIgniter.php(351): CodeIgniter\CodeIgniter->handleRequest(null, Object(Config\Cache), false)
 5 FCPATH\index.php(55): CodeIgniter\CodeIgniter->run()
CRITICAL - 2022-06-25 05:44:50 --> Cannot use isset() on the result of an expression (you can use "null !== expression" instead)
in APPPATH\Views\login.php on line 35.
 1 [internal function]: CodeIgniter\Debug\Exceptions->shutdownHandler()
CRITICAL - 2022-06-25 05:44:52 --> Cannot use isset() on the result of an expression (you can use "null !== expression" instead)
in APPPATH\Views\login.php on line 35.
 1 [internal function]: CodeIgniter\Debug\Exceptions->shutdownHandler()
CRITICAL - 2022-06-25 05:44:59 --> Cannot use isset() on the result of an expression (you can use "null !== expression" instead)
in APPPATH\Views\login.php on line 35.
 1 [internal function]: CodeIgniter\Debug\Exceptions->shutdownHandler()
CRITICAL - 2022-06-25 05:45:01 --> Cannot use isset() on the result of an expression (you can use "null !== expression" instead)
in APPPATH\Views\login.php on line 35.
 1 [internal function]: CodeIgniter\Debug\Exceptions->shutdownHandler()
CRITICAL - 2022-06-25 05:45:29 --> Undefined property: CodeIgniter\View\View::$session
in APPPATH\Views\login.php on line 35.
 1 APPPATH\Views\login.php(35): CodeIgniter\Debug\Exceptions->errorHandler(2, 'Undefined property: CodeIgniter\\View\\View::$session', 'APPPATH\\Views\\login.php', 35)
 2 SYSTEMPATH\View\View.php(213): include('APPPATH\\Views\\login.php')
 3 SYSTEMPATH\View\View.php(216): CodeIgniter\View\View->CodeIgniter\View\{closure}()
 4 SYSTEMPATH\Common.php(1135): CodeIgniter\View\View->render('login', [], true)
 5 APPPATH\Controllers\Auth.php(35): view('login')
 6 SYSTEMPATH\CodeIgniter.php(898): App\Controllers\Auth->login()
 7 SYSTEMPATH\CodeIgniter.php(468): CodeIgniter\CodeIgniter->runController(Object(App\Controllers\Auth))
 8 SYSTEMPATH\CodeIgniter.php(351): CodeIgniter\CodeIgniter->handleRequest(null, Object(Config\Cache), false)
 9 FCPATH\index.php(55): CodeIgniter\CodeIgniter->run()
CRITICAL - 2022-06-25 05:48:31 --> Undefined property: CodeIgniter\View\View::$session
in APPPATH\Views\login.php on line 36.
 1 APPPATH\Views\login.php(36): CodeIgniter\Debug\Exceptions->errorHandler(2, 'Undefined property: CodeIgniter\\View\\View::$session', 'APPPATH\\Views\\login.php', 36)
 2 SYSTEMPATH\View\View.php(213): include('APPPATH\\Views\\login.php')
 3 SYSTEMPATH\View\View.php(216): CodeIgniter\View\View->CodeIgniter\View\{closure}()
 4 SYSTEMPATH\Common.php(1135): CodeIgniter\View\View->render('login', [], true)
 5 APPPATH\Controllers\Auth.php(35): view('login')
 6 SYSTEMPATH\CodeIgniter.php(898): App\Controllers\Auth->login()
 7 SYSTEMPATH\CodeIgniter.php(468): CodeIgniter\CodeIgniter->runController(Object(App\Controllers\Auth))
 8 SYSTEMPATH\CodeIgniter.php(351): CodeIgniter\CodeIgniter->handleRequest(null, Object(Config\Cache), false)
 9 FCPATH\index.php(55): CodeIgniter\CodeIgniter->run()
