CRITICAL - 2022-07-17 19:43:36 --> Class "App\Controllers\GoogleSearch" not found
in APPPATH/Controllers/Dashboard.php on line 47.
 1 SYSTEMPATH/CodeIgniter.php(898): App\Controllers\Dashboard->save_business()
 2 SYSTEMPATH/CodeIgniter.php(468): CodeIgniter\CodeIgniter->runController(Object(App\Controllers\Dashboard))
 3 SYSTEMPATH/CodeIgniter.php(351): CodeIgniter\CodeIgniter->handleRequest(null, Object(Config\Cache), false)
 4 FCPATH/index.php(55): CodeIgniter\CodeIgniter->run()
CRITICAL - 2022-07-17 19:46:44 --> Class "GoogleSearch\GoogleSearch" not found
in APPPATH/Controllers/Dashboard.php on line 47.
 1 SYSTEMPATH/CodeIgniter.php(898): App\Controllers\Dashboard->save_business()
 2 SYSTEMPATH/CodeIgniter.php(468): CodeIgniter\CodeIgniter->runController(Object(App\Controllers\Dashboard))
 3 SYSTEMPATH/CodeIgniter.php(351): CodeIgniter\CodeIgniter->handleRequest(null, Object(Config\Cache), false)
 4 FCPATH/index.php(55): CodeIgniter\CodeIgniter->run()
CRITICAL - 2022-07-17 19:58:14 --> Class "GoogleSearch\GoogleSearch" not found
in APPPATH/Controllers/Dashboard.php on line 47.
 1 SYSTEMPATH/CodeIgniter.php(898): App\Controllers\Dashboard->save_business()
 2 SYSTEMPATH/CodeIgniter.php(468): CodeIgniter\CodeIgniter->runController(Object(App\Controllers\Dashboard))
 3 SYSTEMPATH/CodeIgniter.php(351): CodeIgniter\CodeIgniter->handleRequest(null, Object(Config\Cache), false)
 4 FCPATH/index.php(55): CodeIgniter\CodeIgniter->run()
CRITICAL - 2022-07-17 19:59:43 --> Class "Serpapi\GoogleSearch" not found
in APPPATH/Controllers/Dashboard.php on line 47.
 1 SYSTEMPATH/CodeIgniter.php(898): App\Controllers\Dashboard->save_business()
 2 SYSTEMPATH/CodeIgniter.php(468): CodeIgniter\CodeIgniter->runController(Object(App\Controllers\Dashboard))
 3 SYSTEMPATH/CodeIgniter.php(351): CodeIgniter\CodeIgniter->handleRequest(null, Object(Config\Cache), false)
 4 FCPATH/index.php(55): CodeIgniter\CodeIgniter->run()
CRITICAL - 2022-07-17 20:06:16 --> Class "App\Controllers\GoogleSearchResults" not found
in APPPATH/Controllers/Dashboard.php on line 46.
 1 SYSTEMPATH/CodeIgniter.php(898): App\Controllers\Dashboard->save_business()
 2 SYSTEMPATH/CodeIgniter.php(468): CodeIgniter\CodeIgniter->runController(Object(App\Controllers\Dashboard))
 3 SYSTEMPATH/CodeIgniter.php(351): CodeIgniter\CodeIgniter->handleRequest(null, Object(Config\Cache), false)
 4 FCPATH/index.php(55): CodeIgniter\CodeIgniter->run()
CRITICAL - 2022-07-17 20:06:54 --> Class "Serpapi\GoogleSearchResults" not found
in APPPATH/Controllers/Dashboard.php on line 46.
 1 SYSTEMPATH/CodeIgniter.php(898): App\Controllers\Dashboard->save_business()
 2 SYSTEMPATH/CodeIgniter.php(468): CodeIgniter\CodeIgniter->runController(Object(App\Controllers\Dashboard))
 3 SYSTEMPATH/CodeIgniter.php(351): CodeIgniter\CodeIgniter->handleRequest(null, Object(Config\Cache), false)
 4 FCPATH/index.php(55): CodeIgniter\CodeIgniter->run()
CRITICAL - 2022-07-17 20:14:51 --> require_once(/Applications/MAMP/htdocs/project/app/vendor/serpapi/google-search-results-php/google-search-results.php): Failed to open stream: No such file or directory
in APPPATH/Controllers/Dashboard.php on line 46.
 1 APPPATH/Controllers/Dashboard.php(46): CodeIgniter\Debug\Exceptions->errorHandler(2, 'require_once(/Applications/MAMP/htdocs/project/app/vendor/serpapi/google-search-results-php/google-search-results.php): Failed to open stream: No such file or directory', 'APPPATH/Controllers/Dashboard.php', 46)
 2 APPPATH/Controllers/Dashboard.php(46): require_once()
 3 SYSTEMPATH/CodeIgniter.php(898): App\Controllers\Dashboard->save_business()
 4 SYSTEMPATH/CodeIgniter.php(468): CodeIgniter\CodeIgniter->runController(Object(App\Controllers\Dashboard))
 5 SYSTEMPATH/CodeIgniter.php(351): CodeIgniter\CodeIgniter->handleRequest(null, Object(Config\Cache), false)
 6 FCPATH/index.php(55): CodeIgniter\CodeIgniter->run()
CRITICAL - 2022-07-17 20:15:56 --> Class "Serpapi\GoogleSearchResults" not found
in APPPATH/Controllers/Dashboard.php on line 47.
 1 SYSTEMPATH/CodeIgniter.php(898): App\Controllers\Dashboard->save_business()
 2 SYSTEMPATH/CodeIgniter.php(468): CodeIgniter\CodeIgniter->runController(Object(App\Controllers\Dashboard))
 3 SYSTEMPATH/CodeIgniter.php(351): CodeIgniter\CodeIgniter->handleRequest(null, Object(Config\Cache), false)
 4 FCPATH/index.php(55): CodeIgniter\CodeIgniter->run()
CRITICAL - 2022-07-17 20:16:31 --> Class "App\Controllers\GoogleSearchResults" not found
in APPPATH/Controllers/Dashboard.php on line 47.
 1 SYSTEMPATH/CodeIgniter.php(898): App\Controllers\Dashboard->save_business()
 2 SYSTEMPATH/CodeIgniter.php(468): CodeIgniter\CodeIgniter->runController(Object(App\Controllers\Dashboard))
 3 SYSTEMPATH/CodeIgniter.php(351): CodeIgniter\CodeIgniter->handleRequest(null, Object(Config\Cache), false)
 4 FCPATH/index.php(55): CodeIgniter\CodeIgniter->run()
CRITICAL - 2022-07-17 20:18:33 --> Cannot declare class GoogSearchResultsException, because the name is already in use
in FCPATH/vendor/serpapi/google-search-results-php/google-search-results.php on line 4.
 1 [internal function]: CodeIgniter\Debug\Exceptions->shutdownHandler()
CRITICAL - 2022-07-17 20:19:24 --> Cannot declare class GoogleSearchResults, because the name is already in use
in FCPATH/vendor/serpapi/google-search-results-php/google-search-results.php on line 9.
 1 [internal function]: CodeIgniter\Debug\Exceptions->shutdownHandler()
CRITICAL - 2022-07-17 20:20:00 --> Class "App\Controllers\GoogleSearchResults" not found
in APPPATH/Controllers/Dashboard.php on line 47.
 1 SYSTEMPATH/CodeIgniter.php(898): App\Controllers\Dashboard->save_business()
 2 SYSTEMPATH/CodeIgniter.php(468): CodeIgniter\CodeIgniter->runController(Object(App\Controllers\Dashboard))
 3 SYSTEMPATH/CodeIgniter.php(351): CodeIgniter\CodeIgniter->handleRequest(null, Object(Config\Cache), false)
 4 FCPATH/index.php(55): CodeIgniter\CodeIgniter->run()
CRITICAL - 2022-07-17 20:20:56 --> Class "serpapi\GoogleSearchResults" not found
in APPPATH/Controllers/Dashboard.php on line 47.
 1 SYSTEMPATH/CodeIgniter.php(898): App\Controllers\Dashboard->save_business()
 2 SYSTEMPATH/CodeIgniter.php(468): CodeIgniter\CodeIgniter->runController(Object(App\Controllers\Dashboard))
 3 SYSTEMPATH/CodeIgniter.php(351): CodeIgniter\CodeIgniter->handleRequest(null, Object(Config\Cache), false)
 4 FCPATH/index.php(55): CodeIgniter\CodeIgniter->run()
CRITICAL - 2022-07-17 20:21:56 --> Class "Serpapi\GoogleSearchResultsPhp\GoogleSearchResults" not found
in APPPATH/Controllers/Dashboard.php on line 47.
 1 SYSTEMPATH/CodeIgniter.php(898): App\Controllers\Dashboard->save_business()
 2 SYSTEMPATH/CodeIgniter.php(468): CodeIgniter\CodeIgniter->runController(Object(App\Controllers\Dashboard))
 3 SYSTEMPATH/CodeIgniter.php(351): CodeIgniter\CodeIgniter->handleRequest(null, Object(Config\Cache), false)
 4 FCPATH/index.php(55): CodeIgniter\CodeIgniter->run()
CRITICAL - 2022-07-17 20:22:59 --> Class "App\Controllers\GoogleSearchResults" not found
in APPPATH/Controllers/Dashboard.php on line 47.
 1 SYSTEMPATH/CodeIgniter.php(898): App\Controllers\Dashboard->save_business()
 2 SYSTEMPATH/CodeIgniter.php(468): CodeIgniter\CodeIgniter->runController(Object(App\Controllers\Dashboard))
 3 SYSTEMPATH/CodeIgniter.php(351): CodeIgniter\CodeIgniter->handleRequest(null, Object(Config\Cache), false)
 4 FCPATH/index.php(55): CodeIgniter\CodeIgniter->run()
CRITICAL - 2022-07-17 20:26:13 --> Class "App\Controllers\GoogleSearchResults" not found
in APPPATH/Controllers/Dashboard.php on line 47.
 1 SYSTEMPATH/CodeIgniter.php(898): App\Controllers\Dashboard->save_business()
 2 SYSTEMPATH/CodeIgniter.php(468): CodeIgniter\CodeIgniter->runController(Object(App\Controllers\Dashboard))
 3 SYSTEMPATH/CodeIgniter.php(351): CodeIgniter\CodeIgniter->handleRequest(null, Object(Config\Cache), false)
 4 FCPATH/index.php(55): CodeIgniter\CodeIgniter->run()
CRITICAL - 2022-07-17 20:26:16 --> Class "App\Controllers\GoogleSearchResults" not found
in APPPATH/Controllers/Dashboard.php on line 47.
 1 SYSTEMPATH/CodeIgniter.php(898): App\Controllers\Dashboard->save_business()
 2 SYSTEMPATH/CodeIgniter.php(468): CodeIgniter\CodeIgniter->runController(Object(App\Controllers\Dashboard))
 3 SYSTEMPATH/CodeIgniter.php(351): CodeIgniter\CodeIgniter->handleRequest(null, Object(Config\Cache), false)
 4 FCPATH/index.php(55): CodeIgniter\CodeIgniter->run()
CRITICAL - 2022-07-17 20:26:40 --> Class "App\Controllers\GoogleSearchResults" not found
in APPPATH/Controllers/Dashboard.php on line 48.
 1 SYSTEMPATH/CodeIgniter.php(898): App\Controllers\Dashboard->save_business()
 2 SYSTEMPATH/CodeIgniter.php(468): CodeIgniter\CodeIgniter->runController(Object(App\Controllers\Dashboard))
 3 SYSTEMPATH/CodeIgniter.php(351): CodeIgniter\CodeIgniter->handleRequest(null, Object(Config\Cache), false)
 4 FCPATH/index.php(55): CodeIgniter\CodeIgniter->run()
CRITICAL - 2022-07-17 20:27:19 --> Class "App\Controllers\GoogleSearchResultsPhp\GoogleSearchResults" not found
in APPPATH/Controllers/Dashboard.php on line 48.
 1 SYSTEMPATH/CodeIgniter.php(898): App\Controllers\Dashboard->save_business()
 2 SYSTEMPATH/CodeIgniter.php(468): CodeIgniter\CodeIgniter->runController(Object(App\Controllers\Dashboard))
 3 SYSTEMPATH/CodeIgniter.php(351): CodeIgniter\CodeIgniter->handleRequest(null, Object(Config\Cache), false)
 4 FCPATH/index.php(55): CodeIgniter\CodeIgniter->run()
CRITICAL - 2022-07-17 20:27:21 --> Class "App\Controllers\GoogleSearchResultsPhp\GoogleSearchResults" not found
in APPPATH/Controllers/Dashboard.php on line 48.
 1 SYSTEMPATH/CodeIgniter.php(898): App\Controllers\Dashboard->save_business()
 2 SYSTEMPATH/CodeIgniter.php(468): CodeIgniter\CodeIgniter->runController(Object(App\Controllers\Dashboard))
 3 SYSTEMPATH/CodeIgniter.php(351): CodeIgniter\CodeIgniter->handleRequest(null, Object(Config\Cache), false)
 4 FCPATH/index.php(55): CodeIgniter\CodeIgniter->run()
CRITICAL - 2022-07-17 20:33:13 --> Class "App\Controllers\GoogleSearchResults" not found
in APPPATH/Controllers/Dashboard.php on line 48.
 1 SYSTEMPATH/CodeIgniter.php(898): App\Controllers\Dashboard->save_business()
 2 SYSTEMPATH/CodeIgniter.php(468): CodeIgniter\CodeIgniter->runController(Object(App\Controllers\Dashboard))
 3 SYSTEMPATH/CodeIgniter.php(351): CodeIgniter\CodeIgniter->handleRequest(null, Object(Config\Cache), false)
 4 FCPATH/index.php(55): CodeIgniter\CodeIgniter->run()
CRITICAL - 2022-07-17 20:33:19 --> Class "App\Controllers\GoogleSearchResults" not found
in APPPATH/Controllers/Dashboard.php on line 48.
 1 SYSTEMPATH/CodeIgniter.php(898): App\Controllers\Dashboard->save_business()
 2 SYSTEMPATH/CodeIgniter.php(468): CodeIgniter\CodeIgniter->runController(Object(App\Controllers\Dashboard))
 3 SYSTEMPATH/CodeIgniter.php(351): CodeIgniter\CodeIgniter->handleRequest(null, Object(Config\Cache), false)
 4 FCPATH/index.php(55): CodeIgniter\CodeIgniter->run()
CRITICAL - 2022-07-17 20:33:35 --> Class "App\Controllers\GoogleSearchResults" not found
in APPPATH/Controllers/Dashboard.php on line 48.
 1 SYSTEMPATH/CodeIgniter.php(898): App\Controllers\Dashboard->save_business()
 2 SYSTEMPATH/CodeIgniter.php(468): CodeIgniter\CodeIgniter->runController(Object(App\Controllers\Dashboard))
 3 SYSTEMPATH/CodeIgniter.php(351): CodeIgniter\CodeIgniter->handleRequest(null, Object(Config\Cache), false)
 4 FCPATH/index.php(55): CodeIgniter\CodeIgniter->run()
CRITICAL - 2022-07-17 20:33:37 --> Class "App\Controllers\GoogleSearchResults" not found
in APPPATH/Controllers/Dashboard.php on line 48.
 1 SYSTEMPATH/CodeIgniter.php(898): App\Controllers\Dashboard->save_business()
 2 SYSTEMPATH/CodeIgniter.php(468): CodeIgniter\CodeIgniter->runController(Object(App\Controllers\Dashboard))
 3 SYSTEMPATH/CodeIgniter.php(351): CodeIgniter\CodeIgniter->handleRequest(null, Object(Config\Cache), false)
 4 FCPATH/index.php(55): CodeIgniter\CodeIgniter->run()
CRITICAL - 2022-07-17 20:42:54 --> Class "Serpapi\GoogleSearchResultsPhp\GoogleSearchResults" not found
in APPPATH/Controllers/Dashboard.php on line 48.
 1 SYSTEMPATH/CodeIgniter.php(898): App\Controllers\Dashboard->save_business()
 2 SYSTEMPATH/CodeIgniter.php(468): CodeIgniter\CodeIgniter->runController(Object(App\Controllers\Dashboard))
 3 SYSTEMPATH/CodeIgniter.php(351): CodeIgniter\CodeIgniter->handleRequest(null, Object(Config\Cache), false)
 4 FCPATH/index.php(55): CodeIgniter\CodeIgniter->run()
CRITICAL - 2022-07-17 20:43:40 --> Class "Serpapi\GoogleSearchResultsPhp\GoogleSearchResults\GoogleSearchResults" not found
in APPPATH/Controllers/Dashboard.php on line 48.
 1 SYSTEMPATH/CodeIgniter.php(898): App\Controllers\Dashboard->save_business()
 2 SYSTEMPATH/CodeIgniter.php(468): CodeIgniter\CodeIgniter->runController(Object(App\Controllers\Dashboard))
 3 SYSTEMPATH/CodeIgniter.php(351): CodeIgniter\CodeIgniter->handleRequest(null, Object(Config\Cache), false)
 4 FCPATH/index.php(55): CodeIgniter\CodeIgniter->run()
CRITICAL - 2022-07-17 20:44:06 --> Class "Serpapi\GoogleSearchResultsPhp\GoogleSearchResults\GoogleSearchResults" not found
in APPPATH/Controllers/Dashboard.php on line 48.
 1 SYSTEMPATH/CodeIgniter.php(898): App\Controllers\Dashboard->save_business()
 2 SYSTEMPATH/CodeIgniter.php(468): CodeIgniter\CodeIgniter->runController(Object(App\Controllers\Dashboard))
 3 SYSTEMPATH/CodeIgniter.php(351): CodeIgniter\CodeIgniter->handleRequest(null, Object(Config\Cache), false)
 4 FCPATH/index.php(55): CodeIgniter\CodeIgniter->run()
CRITICAL - 2022-07-17 20:51:47 --> Class "App\Controllers\GoogleSearchResults" not found
in APPPATH/Controllers/Dashboard.php on line 48.
 1 SYSTEMPATH/CodeIgniter.php(898): App\Controllers\Dashboard->save_business()
 2 SYSTEMPATH/CodeIgniter.php(468): CodeIgniter\CodeIgniter->runController(Object(App\Controllers\Dashboard))
 3 SYSTEMPATH/CodeIgniter.php(351): CodeIgniter\CodeIgniter->handleRequest(null, Object(Config\Cache), false)
 4 FCPATH/index.php(55): CodeIgniter\CodeIgniter->run()
CRITICAL - 2022-07-17 20:52:10 --> Class "Serpapi\GoogleSearchResultsPhp\GoogleSearchResults\GoogleSearchResults" not found
in APPPATH/Controllers/Dashboard.php on line 48.
 1 SYSTEMPATH/CodeIgniter.php(898): App\Controllers\Dashboard->save_business()
 2 SYSTEMPATH/CodeIgniter.php(468): CodeIgniter\CodeIgniter->runController(Object(App\Controllers\Dashboard))
 3 SYSTEMPATH/CodeIgniter.php(351): CodeIgniter\CodeIgniter->handleRequest(null, Object(Config\Cache), false)
 4 FCPATH/index.php(55): CodeIgniter\CodeIgniter->run()
CRITICAL - 2022-07-17 20:52:29 --> Class "Serpapi\GoogleSearchResultsPhp\GoogleSearchResults" not found
in APPPATH/Controllers/Dashboard.php on line 48.
 1 SYSTEMPATH/CodeIgniter.php(898): App\Controllers\Dashboard->save_business()
 2 SYSTEMPATH/CodeIgniter.php(468): CodeIgniter\CodeIgniter->runController(Object(App\Controllers\Dashboard))
 3 SYSTEMPATH/CodeIgniter.php(351): CodeIgniter\CodeIgniter->handleRequest(null, Object(Config\Cache), false)
 4 FCPATH/index.php(55): CodeIgniter\CodeIgniter->run()
CRITICAL - 2022-07-17 20:52:31 --> Class "Serpapi\GoogleSearchResultsPhp\GoogleSearchResults" not found
in APPPATH/Controllers/Dashboard.php on line 48.
 1 SYSTEMPATH/CodeIgniter.php(898): App\Controllers\Dashboard->save_business()
 2 SYSTEMPATH/CodeIgniter.php(468): CodeIgniter\CodeIgniter->runController(Object(App\Controllers\Dashboard))
 3 SYSTEMPATH/CodeIgniter.php(351): CodeIgniter\CodeIgniter->handleRequest(null, Object(Config\Cache), false)
 4 FCPATH/index.php(55): CodeIgniter\CodeIgniter->run()
CRITICAL - 2022-07-17 20:52:48 --> Class "App\Controllers\GoogleSearchResults" not found
in APPPATH/Controllers/Dashboard.php on line 48.
 1 SYSTEMPATH/CodeIgniter.php(898): App\Controllers\Dashboard->save_business()
 2 SYSTEMPATH/CodeIgniter.php(468): CodeIgniter\CodeIgniter->runController(Object(App\Controllers\Dashboard))
 3 SYSTEMPATH/CodeIgniter.php(351): CodeIgniter\CodeIgniter->handleRequest(null, Object(Config\Cache), false)
 4 FCPATH/index.php(55): CodeIgniter\CodeIgniter->run()
CRITICAL - 2022-07-17 20:53:34 --> Class "Serpapi\GoogleSearchResultsPhp\GoogleSearchResults" not found
in APPPATH/Controllers/Dashboard.php on line 48.
 1 SYSTEMPATH/CodeIgniter.php(898): App\Controllers\Dashboard->save_business()
 2 SYSTEMPATH/CodeIgniter.php(468): CodeIgniter\CodeIgniter->runController(Object(App\Controllers\Dashboard))
 3 SYSTEMPATH/CodeIgniter.php(351): CodeIgniter\CodeIgniter->handleRequest(null, Object(Config\Cache), false)
 4 FCPATH/index.php(55): CodeIgniter\CodeIgniter->run()
CRITICAL - 2022-07-17 20:55:19 --> Class "Serpapi\GoogleSearchResultsPhp\GoogleSearchResults" not found
in APPPATH/Controllers/Dashboard.php on line 49.
 1 SYSTEMPATH/CodeIgniter.php(898): App\Controllers\Dashboard->save_business()
 2 SYSTEMPATH/CodeIgniter.php(468): CodeIgniter\CodeIgniter->runController(Object(App\Controllers\Dashboard))
 3 SYSTEMPATH/CodeIgniter.php(351): CodeIgniter\CodeIgniter->handleRequest(null, Object(Config\Cache), false)
 4 FCPATH/index.php(55): CodeIgniter\CodeIgniter->run()
CRITICAL - 2022-07-17 20:57:46 --> Class "App\Controllers\GoogleSearchResults" not found
in APPPATH/Controllers/Dashboard.php on line 49.
 1 SYSTEMPATH/CodeIgniter.php(898): App\Controllers\Dashboard->save_business()
 2 SYSTEMPATH/CodeIgniter.php(468): CodeIgniter\CodeIgniter->runController(Object(App\Controllers\Dashboard))
 3 SYSTEMPATH/CodeIgniter.php(351): CodeIgniter\CodeIgniter->handleRequest(null, Object(Config\Cache), false)
 4 FCPATH/index.php(55): CodeIgniter\CodeIgniter->run()
CRITICAL - 2022-07-17 20:59:36 --> Class "App\Controllers\GoogleSearchResults" not found
in APPPATH/Controllers/Dashboard.php on line 49.
 1 SYSTEMPATH/CodeIgniter.php(898): App\Controllers\Dashboard->save_business()
 2 SYSTEMPATH/CodeIgniter.php(468): CodeIgniter\CodeIgniter->runController(Object(App\Controllers\Dashboard))
 3 SYSTEMPATH/CodeIgniter.php(351): CodeIgniter\CodeIgniter->handleRequest(null, Object(Config\Cache), false)
 4 FCPATH/index.php(55): CodeIgniter\CodeIgniter->run()
CRITICAL - 2022-07-17 21:02:21 --> Class "GoogleSearchResults\GoogleSearchResults" not found
in APPPATH/Controllers/Dashboard.php on line 49.
 1 SYSTEMPATH/CodeIgniter.php(898): App\Controllers\Dashboard->save_business()
 2 SYSTEMPATH/CodeIgniter.php(468): CodeIgniter\CodeIgniter->runController(Object(App\Controllers\Dashboard))
 3 SYSTEMPATH/CodeIgniter.php(351): CodeIgniter\CodeIgniter->handleRequest(null, Object(Config\Cache), false)
 4 FCPATH/index.php(55): CodeIgniter\CodeIgniter->run()
CRITICAL - 2022-07-17 21:03:56 --> Object of type GoogleSearchResults is not callable
in APPPATH/Controllers/Dashboard.php on line 56.
 1 SYSTEMPATH/CodeIgniter.php(898): App\Controllers\Dashboard->save_business()
 2 SYSTEMPATH/CodeIgniter.php(468): CodeIgniter\CodeIgniter->runController(Object(App\Controllers\Dashboard))
 3 SYSTEMPATH/CodeIgniter.php(351): CodeIgniter\CodeIgniter->handleRequest(null, Object(Config\Cache), false)
 4 FCPATH/index.php(55): CodeIgniter\CodeIgniter->run()
CRITICAL - 2022-07-17 21:06:01 --> Class "App\Controllers\GoogleSearch" not found
in APPPATH/Controllers/Dashboard.php on line 68.
 1 SYSTEMPATH/CodeIgniter.php(898): App\Controllers\Dashboard->save_business()
 2 SYSTEMPATH/CodeIgniter.php(468): CodeIgniter\CodeIgniter->runController(Object(App\Controllers\Dashboard))
 3 SYSTEMPATH/CodeIgniter.php(351): CodeIgniter\CodeIgniter->handleRequest(null, Object(Config\Cache), false)
 4 FCPATH/index.php(55): CodeIgniter\CodeIgniter->run()
CRITICAL - 2022-07-17 21:06:35 --> Call to undefined function App\Controllers\prinr_r()
in APPPATH/Controllers/Dashboard.php on line 71.
 1 SYSTEMPATH/CodeIgniter.php(898): App\Controllers\Dashboard->save_business()
 2 SYSTEMPATH/CodeIgniter.php(468): CodeIgniter\CodeIgniter->runController(Object(App\Controllers\Dashboard))
 3 SYSTEMPATH/CodeIgniter.php(351): CodeIgniter\CodeIgniter->handleRequest(null, Object(Config\Cache), false)
 4 FCPATH/index.php(55): CodeIgniter\CodeIgniter->run()
CRITICAL - 2022-07-17 21:26:14 --> Invalid format of the `ll` parameter.
in FCPATH/vendor/serpapi/google-search-results-php/google-search-results.php on line 105.
 1 FCPATH/vendor/serpapi/google-search-results-php/google-search-results.php(67): GoogleSearchResults->query('/search', 'json', [...])
 2 FCPATH/vendor/serpapi/google-search-results-php/google-search-results.php(30): GoogleSearchResults->search('json', [...])
 3 APPPATH/Controllers/Dashboard.php(69): GoogleSearchResults->get_json([...])
 4 SYSTEMPATH/CodeIgniter.php(898): App\Controllers\Dashboard->save_business()
 5 SYSTEMPATH/CodeIgniter.php(468): CodeIgniter\CodeIgniter->runController(Object(App\Controllers\Dashboard))
 6 SYSTEMPATH/CodeIgniter.php(351): CodeIgniter\CodeIgniter->handleRequest(null, Object(Config\Cache), false)
 7 FCPATH/index.php(55): CodeIgniter\CodeIgniter->run()
CRITICAL - 2022-07-17 21:30:14 --> Invalid format of the `ll` parameter.
in FCPATH/vendor/serpapi/google-search-results-php/google-search-results.php on line 105.
 1 FCPATH/vendor/serpapi/google-search-results-php/google-search-results.php(67): GoogleSearchResults->query('/search', 'json', [...])
 2 FCPATH/vendor/serpapi/google-search-results-php/google-search-results.php(30): GoogleSearchResults->search('json', [...])
 3 APPPATH/Controllers/Dashboard.php(69): GoogleSearchResults->get_json([...])
 4 SYSTEMPATH/CodeIgniter.php(898): App\Controllers\Dashboard->save_business()
 5 SYSTEMPATH/CodeIgniter.php(468): CodeIgniter\CodeIgniter->runController(Object(App\Controllers\Dashboard))
 6 SYSTEMPATH/CodeIgniter.php(351): CodeIgniter\CodeIgniter->handleRequest(null, Object(Config\Cache), false)
 7 FCPATH/index.php(55): CodeIgniter\CodeIgniter->run()
CRITICAL - 2022-07-17 21:30:37 --> Invalid format of the `ll` parameter.
in FCPATH/vendor/serpapi/google-search-results-php/google-search-results.php on line 105.
 1 FCPATH/vendor/serpapi/google-search-results-php/google-search-results.php(67): GoogleSearchResults->query('/search', 'json', [...])
 2 FCPATH/vendor/serpapi/google-search-results-php/google-search-results.php(30): GoogleSearchResults->search('json', [...])
 3 APPPATH/Controllers/Dashboard.php(69): GoogleSearchResults->get_json([...])
 4 SYSTEMPATH/CodeIgniter.php(898): App\Controllers\Dashboard->save_business()
 5 SYSTEMPATH/CodeIgniter.php(468): CodeIgniter\CodeIgniter->runController(Object(App\Controllers\Dashboard))
 6 SYSTEMPATH/CodeIgniter.php(351): CodeIgniter\CodeIgniter->handleRequest(null, Object(Config\Cache), false)
 7 FCPATH/index.php(55): CodeIgniter\CodeIgniter->run()
CRITICAL - 2022-07-17 21:32:34 --> Undefined property: stdClass::$local_results
in APPPATH/Controllers/Dashboard.php on line 70.
 1 APPPATH/Controllers/Dashboard.php(70): CodeIgniter\Debug\Exceptions->errorHandler(2, 'Undefined property: stdClass::$local_results', 'APPPATH/Controllers/Dashboard.php', 70)
 2 SYSTEMPATH/CodeIgniter.php(898): App\Controllers\Dashboard->save_business()
 3 SYSTEMPATH/CodeIgniter.php(468): CodeIgniter\CodeIgniter->runController(Object(App\Controllers\Dashboard))
 4 SYSTEMPATH/CodeIgniter.php(351): CodeIgniter\CodeIgniter->handleRequest(null, Object(Config\Cache), false)
 5 FCPATH/index.php(55): CodeIgniter\CodeIgniter->run()
CRITICAL - 2022-07-17 21:40:19 --> Missing query `data` parameter.
in FCPATH/vendor/serpapi/google-search-results-php/google-search-results.php on line 105.
 1 FCPATH/vendor/serpapi/google-search-results-php/google-search-results.php(67): GoogleSearchResults->query('/search', 'json', [...])
 2 FCPATH/vendor/serpapi/google-search-results-php/google-search-results.php(30): GoogleSearchResults->search('json', [...])
 3 APPPATH/Controllers/Dashboard.php(69): GoogleSearchResults->get_json([...])
 4 SYSTEMPATH/CodeIgniter.php(898): App\Controllers\Dashboard->save_business()
 5 SYSTEMPATH/CodeIgniter.php(468): CodeIgniter\CodeIgniter->runController(Object(App\Controllers\Dashboard))
 6 SYSTEMPATH/CodeIgniter.php(351): CodeIgniter\CodeIgniter->handleRequest(null, Object(Config\Cache), false)
 7 FCPATH/index.php(55): CodeIgniter\CodeIgniter->run()
