CRITICAL - 2022-08-20 07:05:15 --> Undefined variable $userName
in APPPATH\Views\layouts\header.php on line 108.
 1 APPPATH\Views\layouts\header.php(108): CodeIgniter\Debug\Exceptions->errorHandler(2, 'Undefined variable $userName', 'APPPATH\\Views\\layouts\\header.php', 108)
 2 APPPATH\Views\myprofile.php(1): require('APPPATH\\Views\\layouts\\header.php')
 3 SYSTEMPATH\View\View.php(213): include('APPPATH\\Views\\myprofile.php')
 4 SYSTEMPATH\View\View.php(216): CodeIgniter\View\View->CodeIgniter\View\{closure}()
 5 SYSTEMPATH\Common.php(1135): CodeIgniter\View\View->render('myprofile', [], true)
 6 APPPATH\Controllers\Auth.php(113): view('myprofile')
 7 SYSTEMPATH\CodeIgniter.php(898): App\Controllers\Auth->myprofile()
 8 SYSTEMPATH\CodeIgniter.php(468): CodeIgniter\CodeIgniter->runController(Object(App\Controllers\Auth))
 9 SYSTEMPATH\CodeIgniter.php(351): CodeIgniter\CodeIgniter->handleRequest(null, Object(Config\Cache), false)
10 FCPATH\index.php(55): CodeIgniter\CodeIgniter->run()
CRITICAL - 2022-08-20 07:11:16 --> Undefined variable $user_id
in APPPATH\Controllers\Dashboard.php on line 30.
 1 APPPATH\Controllers\Dashboard.php(30): CodeIgniter\Debug\Exceptions->errorHandler(2, 'Undefined variable $user_id', 'APPPATH\\Controllers\\Dashboard.php', 30)
 2 SYSTEMPATH\CodeIgniter.php(898): App\Controllers\Dashboard->index()
 3 SYSTEMPATH\CodeIgniter.php(468): CodeIgniter\CodeIgniter->runController(Object(App\Controllers\Dashboard))
 4 SYSTEMPATH\CodeIgniter.php(351): CodeIgniter\CodeIgniter->handleRequest(null, Object(Config\Cache), false)
 5 FCPATH\index.php(55): CodeIgniter\CodeIgniter->run()
CRITICAL - 2022-08-20 07:11:25 --> Undefined variable $user_id
in APPPATH\Controllers\Dashboard.php on line 30.
 1 APPPATH\Controllers\Dashboard.php(30): CodeIgniter\Debug\Exceptions->errorHandler(2, 'Undefined variable $user_id', 'APPPATH\\Controllers\\Dashboard.php', 30)
 2 SYSTEMPATH\CodeIgniter.php(898): App\Controllers\Dashboard->index()
 3 SYSTEMPATH\CodeIgniter.php(468): CodeIgniter\CodeIgniter->runController(Object(App\Controllers\Dashboard))
 4 SYSTEMPATH\CodeIgniter.php(351): CodeIgniter\CodeIgniter->handleRequest(null, Object(Config\Cache), false)
 5 FCPATH\index.php(55): CodeIgniter\CodeIgniter->run()
CRITICAL - 2022-08-20 07:13:06 --> Undefined variable $session
in APPPATH\Controllers\Dashboard.php on line 20.
 1 APPPATH\Controllers\Dashboard.php(20): CodeIgniter\Debug\Exceptions->errorHandler(2, 'Undefined variable $session', 'APPPATH\\Controllers\\Dashboard.php', 20)
 2 SYSTEMPATH\CodeIgniter.php(860): App\Controllers\Dashboard->__construct()
 3 SYSTEMPATH\CodeIgniter.php(459): CodeIgniter\CodeIgniter->createController()
 4 SYSTEMPATH\CodeIgniter.php(351): CodeIgniter\CodeIgniter->handleRequest(null, Object(Config\Cache), false)
 5 FCPATH\index.php(55): CodeIgniter\CodeIgniter->run()
CRITICAL - 2022-08-20 07:14:08 --> Undefined variable $userName
in APPPATH\Controllers\Dashboard.php on line 22.
 1 APPPATH\Controllers\Dashboard.php(22): CodeIgniter\Debug\Exceptions->errorHandler(2, 'Undefined variable $userName', 'APPPATH\\Controllers\\Dashboard.php', 22)
 2 SYSTEMPATH\CodeIgniter.php(860): App\Controllers\Dashboard->__construct()
 3 SYSTEMPATH\CodeIgniter.php(459): CodeIgniter\CodeIgniter->createController()
 4 SYSTEMPATH\CodeIgniter.php(351): CodeIgniter\CodeIgniter->handleRequest(null, Object(Config\Cache), false)
 5 FCPATH\index.php(55): CodeIgniter\CodeIgniter->run()
CRITICAL - 2022-08-20 07:14:38 --> Undefined variable $user_id
in APPPATH\Controllers\Dashboard.php on line 30.
 1 APPPATH\Controllers\Dashboard.php(30): CodeIgniter\Debug\Exceptions->errorHandler(2, 'Undefined variable $user_id', 'APPPATH\\Controllers\\Dashboard.php', 30)
 2 SYSTEMPATH\CodeIgniter.php(898): App\Controllers\Dashboard->index()
 3 SYSTEMPATH\CodeIgniter.php(468): CodeIgniter\CodeIgniter->runController(Object(App\Controllers\Dashboard))
 4 SYSTEMPATH\CodeIgniter.php(351): CodeIgniter\CodeIgniter->handleRequest(null, Object(Config\Cache), false)
 5 FCPATH\index.php(55): CodeIgniter\CodeIgniter->run()
CRITICAL - 2022-08-20 07:15:23 --> Undefined variable $userName
in APPPATH\Views\layouts\header.php on line 108.
 1 APPPATH\Views\layouts\header.php(108): CodeIgniter\Debug\Exceptions->errorHandler(2, 'Undefined variable $userName', 'APPPATH\\Views\\layouts\\header.php', 108)
 2 APPPATH\Views\dashboard.php(1): require('APPPATH\\Views\\layouts\\header.php')
 3 SYSTEMPATH\View\View.php(213): include('APPPATH\\Views\\dashboard.php')
 4 SYSTEMPATH\View\View.php(216): CodeIgniter\View\View->CodeIgniter\View\{closure}()
 5 SYSTEMPATH\Common.php(1135): CodeIgniter\View\View->render('dashboard', [], true)
 6 APPPATH\Controllers\Dashboard.php(44): view('dashboard', [...])
 7 SYSTEMPATH\CodeIgniter.php(898): App\Controllers\Dashboard->index()
 8 SYSTEMPATH\CodeIgniter.php(468): CodeIgniter\CodeIgniter->runController(Object(App\Controllers\Dashboard))
 9 SYSTEMPATH\CodeIgniter.php(351): CodeIgniter\CodeIgniter->handleRequest(null, Object(Config\Cache), false)
10 FCPATH\index.php(55): CodeIgniter\CodeIgniter->run()
