CRITICAL - 2022-09-04 08:43:31 --> Undefined array key "classifications"
in APPPATH/Controllers/Dashboard.php on line 114.
 1 APPPATH/Controllers/Dashboard.php(114): CodeIgniter\Debug\Exceptions->errorHandler(2, 'Undefined array key "classifications"', 'APPPATH/Controllers/Dashboard.php', 114)
 2 SYSTEMPATH/CodeIgniter.php(898): App\Controllers\Dashboard->save_business()
 3 SYSTEMPATH/CodeIgniter.php(468): CodeIgniter\CodeIgniter->runController(Object(App\Controllers\Dashboard))
 4 SYSTEMPATH/CodeIgniter.php(351): CodeIgniter\CodeIgniter->handleRequest(null, Object(Config\Cache), false)
 5 FCPATH/index.php(55): CodeIgniter\CodeIgniter->run()
CRITICAL - 2022-09-04 08:51:37 --> Undefined variable $model
in APPPATH/Controllers/Dashboard.php on line 117.
 1 APPPATH/Controllers/Dashboard.php(117): CodeIgniter\Debug\Exceptions->errorHandler(2, 'Undefined variable $model', 'APPPATH/Controllers/Dashboard.php', 117)
 2 SYSTEMPATH/CodeIgniter.php(898): App\Controllers\Dashboard->save_business()
 3 SYSTEMPATH/CodeIgniter.php(468): CodeIgniter\CodeIgniter->runController(Object(App\Controllers\Dashboard))
 4 SYSTEMPATH/CodeIgniter.php(351): CodeIgniter\CodeIgniter->handleRequest(null, Object(Config\Cache), false)
 5 FCPATH/index.php(55): CodeIgniter\CodeIgniter->run()
CRITICAL - 2022-09-04 08:57:54 --> Call to a member function getInsertID() on array
in APPPATH/Controllers/Dashboard.php on line 68.
 1 SYSTEMPATH/CodeIgniter.php(898): App\Controllers\Dashboard->save_business()
 2 SYSTEMPATH/CodeIgniter.php(468): CodeIgniter\CodeIgniter->runController(Object(App\Controllers\Dashboard))
 3 SYSTEMPATH/CodeIgniter.php(351): CodeIgniter\CodeIgniter->handleRequest(null, Object(Config\Cache), false)
 4 FCPATH/index.php(55): CodeIgniter\CodeIgniter->run()
CRITICAL - 2022-09-04 09:50:16 --> length is not a valid rule.
in SYSTEMPATH/Validation/Validation.php on line 314.
 1 SYSTEMPATH/Validation/Validation.php(314): CodeIgniter\Validation\Exceptions\ValidationException::forRuleNotFound('length')
 2 SYSTEMPATH/Validation/Validation.php(173): CodeIgniter\Validation\Validation->processRules('mobile', 'mobile', '0766197793', [...], [...])
 3 SYSTEMPATH/Controller.php(140): CodeIgniter\Validation\Validation->run()
 4 APPPATH/Controllers/Auth.php(54): CodeIgniter\Controller->validate([...])
 5 SYSTEMPATH/CodeIgniter.php(898): App\Controllers\Auth->save()
 6 SYSTEMPATH/CodeIgniter.php(468): CodeIgniter\CodeIgniter->runController(Object(App\Controllers\Auth))
 7 SYSTEMPATH/CodeIgniter.php(351): CodeIgniter\CodeIgniter->handleRequest(null, Object(Config\Cache), false)
 8 FCPATH/index.php(55): CodeIgniter\CodeIgniter->run()
CRITICAL - 2022-09-04 09:55:36 --> Undefined variable $model
in APPPATH/Controllers/Dashboard.php on line 78.
 1 APPPATH/Controllers/Dashboard.php(78): CodeIgniter\Debug\Exceptions->errorHandler(2, 'Undefined variable $model', 'APPPATH/Controllers/Dashboard.php', 78)
 2 SYSTEMPATH/CodeIgniter.php(898): App\Controllers\Dashboard->save_business()
 3 SYSTEMPATH/CodeIgniter.php(468): CodeIgniter\CodeIgniter->runController(Object(App\Controllers\Dashboard))
 4 SYSTEMPATH/CodeIgniter.php(351): CodeIgniter\CodeIgniter->handleRequest(null, Object(Config\Cache), false)
 5 FCPATH/index.php(55): CodeIgniter\CodeIgniter->run()
