CRITICAL - 2022-06-11 10:46:02 --> Undefined variable $username
in APPPATH\Views\register.php on line 18.
 1 APPPATH\Views\register.php(18): CodeIgniter\Debug\Exceptions->errorHandler(2, 'Undefined variable $username', 'APPPATH\\Views\\register.php', 18)
 2 SYSTEMPATH\View\View.php(213): include('APPPATH\\Views\\register.php')
 3 SYSTEMPATH\View\View.php(216): CodeIgniter\View\View->CodeIgniter\View\{closure}()
 4 SYSTEMPATH\Common.php(1135): CodeIgniter\View\View->render('register', [], true)
 5 APPPATH\Controllers\Auth.php(15): view('register')
 6 SYSTEMPATH\CodeIgniter.php(898): App\Controllers\Auth->register()
 7 SYSTEMPATH\CodeIgniter.php(468): CodeIgniter\CodeIgniter->runController(Object(App\Controllers\Auth))
 8 SYSTEMPATH\CodeIgniter.php(351): CodeIgniter\CodeIgniter->handleRequest(null, Object(Config\Cache), false)
 9 FCPATH\index.php(55): CodeIgniter\CodeIgniter->run()
CRITICAL - 2022-06-11 21:25:04 --> Call to undefined method App\Controllers\Auth::post()
in APPPATH\Controllers\Auth.php on line 29.
 1 SYSTEMPATH\CodeIgniter.php(898): App\Controllers\Auth->save()
 2 SYSTEMPATH\CodeIgniter.php(468): CodeIgniter\CodeIgniter->runController(Object(App\Controllers\Auth))
 3 SYSTEMPATH\CodeIgniter.php(351): CodeIgniter\CodeIgniter->handleRequest(null, Object(Config\Cache), false)
 4 FCPATH\index.php(55): CodeIgniter\CodeIgniter->run()
CRITICAL - 2022-06-11 21:27:37 --> Undefined variable $request
in APPPATH\Controllers\Auth.php on line 29.
 1 APPPATH\Controllers\Auth.php(29): CodeIgniter\Debug\Exceptions->errorHandler(2, 'Undefined variable $request', 'APPPATH\\Controllers\\Auth.php', 29)
 2 SYSTEMPATH\CodeIgniter.php(898): App\Controllers\Auth->save()
 3 SYSTEMPATH\CodeIgniter.php(468): CodeIgniter\CodeIgniter->runController(Object(App\Controllers\Auth))
 4 SYSTEMPATH\CodeIgniter.php(351): CodeIgniter\CodeIgniter->handleRequest(null, Object(Config\Cache), false)
 5 FCPATH\index.php(55): CodeIgniter\CodeIgniter->run()
CRITICAL - 2022-06-11 21:27:48 --> Undefined variable $request
in APPPATH\Controllers\Auth.php on line 29.
 1 APPPATH\Controllers\Auth.php(29): CodeIgniter\Debug\Exceptions->errorHandler(2, 'Undefined variable $request', 'APPPATH\\Controllers\\Auth.php', 29)
 2 SYSTEMPATH\CodeIgniter.php(898): App\Controllers\Auth->save()
 3 SYSTEMPATH\CodeIgniter.php(468): CodeIgniter\CodeIgniter->runController(Object(App\Controllers\Auth))
 4 SYSTEMPATH\CodeIgniter.php(351): CodeIgniter\CodeIgniter->handleRequest(null, Object(Config\Cache), false)
 5 FCPATH\index.php(55): CodeIgniter\CodeIgniter->run()
CRITICAL - 2022-06-11 21:28:25 --> Undefined variable $request
in APPPATH\Controllers\Auth.php on line 29.
 1 APPPATH\Controllers\Auth.php(29): CodeIgniter\Debug\Exceptions->errorHandler(2, 'Undefined variable $request', 'APPPATH\\Controllers\\Auth.php', 29)
 2 SYSTEMPATH\CodeIgniter.php(898): App\Controllers\Auth->save()
 3 SYSTEMPATH\CodeIgniter.php(468): CodeIgniter\CodeIgniter->runController(Object(App\Controllers\Auth))
 4 SYSTEMPATH\CodeIgniter.php(351): CodeIgniter\CodeIgniter->handleRequest(null, Object(Config\Cache), false)
 5 FCPATH\index.php(55): CodeIgniter\CodeIgniter->run()
CRITICAL - 2022-06-11 21:29:04 --> Undefined variable $request
in APPPATH\Controllers\Auth.php on line 29.
 1 APPPATH\Controllers\Auth.php(29): CodeIgniter\Debug\Exceptions->errorHandler(2, 'Undefined variable $request', 'APPPATH\\Controllers\\Auth.php', 29)
 2 SYSTEMPATH\CodeIgniter.php(898): App\Controllers\Auth->save()
 3 SYSTEMPATH\CodeIgniter.php(468): CodeIgniter\CodeIgniter->runController(Object(App\Controllers\Auth))
 4 SYSTEMPATH\CodeIgniter.php(351): CodeIgniter\CodeIgniter->handleRequest(null, Object(Config\Cache), false)
 5 FCPATH\index.php(55): CodeIgniter\CodeIgniter->run()
ERROR - 2022-06-11 22:01:24 --> Error connecting to the database: Access denied for user ''@'localhost' (using password: NO)
CRITICAL - 2022-06-11 22:01:24 --> Unable to connect to the database.
Main connection [MySQLi]: Access denied for user ''@'localhost' (using password: NO)
in SYSTEMPATH\Database\BaseConnection.php on line 415.
 1 SYSTEMPATH\Database\BaseConnection.php(585): CodeIgniter\Database\BaseConnection->initialize()
 2 SYSTEMPATH\Database\BaseBuilder.php(1904): CodeIgniter\Database\BaseConnection->query('INSERT INTO `users` (`name`, `email`, `password`) VALUES (:name:, :email:, :password:)', [...], false)
 3 SYSTEMPATH\Model.php(278): CodeIgniter\Database\BaseBuilder->insert()
 4 SYSTEMPATH\BaseModel.php(738): CodeIgniter\Model->doInsert([...])
 5 SYSTEMPATH\Model.php(666): CodeIgniter\BaseModel->insert([...], false)
 6 SYSTEMPATH\BaseModel.php(658): CodeIgniter\Model->insert([...], false)
 7 APPPATH\Controllers\Auth.php(41): CodeIgniter\BaseModel->save([...])
 8 SYSTEMPATH\CodeIgniter.php(898): App\Controllers\Auth->save()
 9 SYSTEMPATH\CodeIgniter.php(468): CodeIgniter\CodeIgniter->runController(Object(App\Controllers\Auth))
10 SYSTEMPATH\CodeIgniter.php(351): CodeIgniter\CodeIgniter->handleRequest(null, Object(Config\Cache), false)
11 FCPATH\index.php(55): CodeIgniter\CodeIgniter->run()
