ERROR - 2022-09-03 00:40:18 --> Error connecting to the database: Access denied for user '****'@'localhost' (using password: NO)
CRITICAL - 2022-09-03 00:40:18 --> Unable to connect to the database.
Main connection [MySQLi]: Access denied for user '****'@'localhost' (using password: NO)
in SYSTEMPATH/Database/BaseConnection.php on line 415.
 1 SYSTEMPATH/Database/BaseConnection.php(585): CodeIgniter\Database\BaseConnection->initialize()
 2 SYSTEMPATH/Database/BaseBuilder.php(1585): CodeIgniter\Database\BaseConnection->query('SELECT *
FROM `users`
WHERE `email` = :email:
 LIMIT 1', [...], false)
 3 SYSTEMPATH/Model.php(249): CodeIgniter\Database\BaseBuilder->get()
 4 SYSTEMPATH/BaseModel.php(622): CodeIgniter\Model->doFirst()
 5 APPPATH/Controllers/Auth.php(90): CodeIgniter\BaseModel->first()
 6 SYSTEMPATH/CodeIgniter.php(898): App\Controllers\Auth->auth()
 7 SYSTEMPATH/CodeIgniter.php(468): CodeIgniter\CodeIgniter->runController(Object(App\Controllers\Auth))
 8 SYSTEMPATH/CodeIgniter.php(351): CodeIgniter\CodeIgniter->handleRequest(null, Object(Config\Cache), false)
 9 FCPATH/index.php(55): CodeIgniter\CodeIgniter->run()
ERROR - 2022-09-03 00:41:37 --> Error connecting to the database: Access denied for user '****'@'localhost' (using password: NO)
CRITICAL - 2022-09-03 00:41:37 --> Unable to connect to the database.
Main connection [MySQLi]: Access denied for user '****'@'localhost' (using password: NO)
in SYSTEMPATH/Database/BaseConnection.php on line 415.
 1 SYSTEMPATH/Database/BaseConnection.php(585): CodeIgniter\Database\BaseConnection->initialize()
 2 SYSTEMPATH/Database/BaseBuilder.php(1585): CodeIgniter\Database\BaseConnection->query('SELECT *
FROM `users`
WHERE `email` = :email:
 LIMIT 1', [...], false)
 3 SYSTEMPATH/Model.php(249): CodeIgniter\Database\BaseBuilder->get()
 4 SYSTEMPATH/BaseModel.php(622): CodeIgniter\Model->doFirst()
 5 APPPATH/Controllers/Auth.php(90): CodeIgniter\BaseModel->first()
 6 SYSTEMPATH/CodeIgniter.php(898): App\Controllers\Auth->auth()
 7 SYSTEMPATH/CodeIgniter.php(468): CodeIgniter\CodeIgniter->runController(Object(App\Controllers\Auth))
 8 SYSTEMPATH/CodeIgniter.php(351): CodeIgniter\CodeIgniter->handleRequest(null, Object(Config\Cache), false)
 9 FCPATH/index.php(55): CodeIgniter\CodeIgniter->run()
ERROR - 2022-09-03 00:43:10 --> Error connecting to the database: Access denied for user '****'@'localhost' (using password: NO)
CRITICAL - 2022-09-03 00:43:10 --> Unable to connect to the database.
Main connection [MySQLi]: Access denied for user '****'@'localhost' (using password: NO)
in SYSTEMPATH/Database/BaseConnection.php on line 415.
 1 SYSTEMPATH/Database/BaseConnection.php(585): CodeIgniter\Database\BaseConnection->initialize()
 2 SYSTEMPATH/Database/BaseBuilder.php(1585): CodeIgniter\Database\BaseConnection->query('SELECT *
FROM `users`
WHERE `email` = :email:
 LIMIT 1', [...], false)
 3 SYSTEMPATH/Model.php(249): CodeIgniter\Database\BaseBuilder->get()
 4 SYSTEMPATH/BaseModel.php(622): CodeIgniter\Model->doFirst()
 5 APPPATH/Controllers/Auth.php(90): CodeIgniter\BaseModel->first()
 6 SYSTEMPATH/CodeIgniter.php(898): App\Controllers\Auth->auth()
 7 SYSTEMPATH/CodeIgniter.php(468): CodeIgniter\CodeIgniter->runController(Object(App\Controllers\Auth))
 8 SYSTEMPATH/CodeIgniter.php(351): CodeIgniter\CodeIgniter->handleRequest(null, Object(Config\Cache), false)
 9 FCPATH/index.php(55): CodeIgniter\CodeIgniter->run()
ERROR - 2022-09-03 00:53:11 --> Unknown column 'created_at' in 'field list'
CRITICAL - 2022-09-03 00:53:11 --> Unknown column 'created_at' in 'field list'
in SYSTEMPATH/Database/MySQLi/Connection.php on line 292.
 1 SYSTEMPATH/Database/MySQLi/Connection.php(292): mysqli->query('INSERT INTO `business_profiles` (`user_id`, `provider`, `business_id`, `created_at`) VALUES (\'1\', \'g\', \'ChIJv4zphRfk4joRITJ6ATTGEss\', 1662184391)', 0)
 2 SYSTEMPATH/Database/BaseConnection.php(678): CodeIgniter\Database\MySQLi\Connection->execute('INSERT INTO `business_profiles` (`user_id`, `provider`, `business_id`, `created_at`) VALUES (\'1\', \'g\', \'ChIJv4zphRfk4joRITJ6ATTGEss\', 1662184391)')
 3 SYSTEMPATH/Database/BaseConnection.php(606): CodeIgniter\Database\BaseConnection->simpleQuery('INSERT INTO `business_profiles` (`user_id`, `provider`, `business_id`, `created_at`) VALUES (\'1\', \'g\', \'ChIJv4zphRfk4joRITJ6ATTGEss\', 1662184391)')
 4 SYSTEMPATH/Database/BaseBuilder.php(1904): CodeIgniter\Database\BaseConnection->query('INSERT INTO `business_profiles` (`user_id`, `provider`, `business_id`, `created_at`) VALUES (:user_id:, :provider:, :business_id:, :created_at:)', [...], false)
 5 SYSTEMPATH/Model.php(278): CodeIgniter\Database\BaseBuilder->insert()
 6 SYSTEMPATH/BaseModel.php(738): CodeIgniter\Model->doInsert([...])
 7 SYSTEMPATH/Model.php(666): CodeIgniter\BaseModel->insert([...], false)
 8 SYSTEMPATH/BaseModel.php(658): CodeIgniter\Model->insert([...], false)
 9 APPPATH/Controllers/Dashboard.php(66): CodeIgniter\BaseModel->save([...])
10 SYSTEMPATH/CodeIgniter.php(898): App\Controllers\Dashboard->save_business()
11 SYSTEMPATH/CodeIgniter.php(468): CodeIgniter\CodeIgniter->runController(Object(App\Controllers\Dashboard))
12 SYSTEMPATH/CodeIgniter.php(351): CodeIgniter\CodeIgniter->handleRequest(null, Object(Config\Cache), false)
13 FCPATH/index.php(55): CodeIgniter\CodeIgniter->run()
ERROR - 2022-09-03 01:01:24 --> Duplicate entry '0' for key 'PRIMARY'
CRITICAL - 2022-09-03 01:01:24 --> Duplicate entry '0' for key 'PRIMARY'
in SYSTEMPATH/Database/MySQLi/Connection.php on line 292.
 1 SYSTEMPATH/Database/MySQLi/Connection.php(292): mysqli->query('INSERT INTO `business_reviews` (`business_id`, `review_text`, `review_rating`, `review_date`, `review_status`, `author_name`, `reply`) VALUES (1, \'Friendly staff... quality customer service....\', 5, 0, \'P\', \'Niranga Sandaruwan\', \'\')', 0)
 2 SYSTEMPATH/Database/BaseConnection.php(678): CodeIgniter\Database\MySQLi\Connection->execute('INSERT INTO `business_reviews` (`business_id`, `review_text`, `review_rating`, `review_date`, `review_status`, `author_name`, `reply`) VALUES (1, \'Friendly staff... quality customer service....\', 5, 0, \'P\', \'Niranga Sandaruwan\', \'\')')
 3 SYSTEMPATH/Database/BaseConnection.php(606): CodeIgniter\Database\BaseConnection->simpleQuery('INSERT INTO `business_reviews` (`business_id`, `review_text`, `review_rating`, `review_date`, `review_status`, `author_name`, `reply`) VALUES (1, \'Friendly staff... quality customer service....\', 5, 0, \'P\', \'Niranga Sandaruwan\', \'\')')
 4 SYSTEMPATH/Database/BaseBuilder.php(1904): CodeIgniter\Database\BaseConnection->query('INSERT INTO `business_reviews` (`business_id`, `review_text`, `review_rating`, `review_date`, `review_status`, `author_name`, `reply`) VALUES (:business_id:, :review_text:, :review_rating:, :review_date:, :review_status:, :author_name:, :reply:)', [...], false)
 5 SYSTEMPATH/Model.php(278): CodeIgniter\Database\BaseBuilder->insert()
 6 SYSTEMPATH/BaseModel.php(738): CodeIgniter\Model->doInsert([...])
 7 SYSTEMPATH/Model.php(666): CodeIgniter\BaseModel->insert([...], false)
 8 SYSTEMPATH/BaseModel.php(658): CodeIgniter\Model->insert([...], false)
 9 APPPATH/Controllers/Dashboard.php(105): CodeIgniter\BaseModel->save([...])
10 SYSTEMPATH/CodeIgniter.php(898): App\Controllers\Dashboard->save_business()
11 SYSTEMPATH/CodeIgniter.php(468): CodeIgniter\CodeIgniter->runController(Object(App\Controllers\Dashboard))
12 SYSTEMPATH/CodeIgniter.php(351): CodeIgniter\CodeIgniter->handleRequest(null, Object(Config\Cache), false)
13 FCPATH/index.php(55): CodeIgniter\CodeIgniter->run()
ERROR - 2022-09-03 03:37:06 --> Column 'user_id' cannot be null
CRITICAL - 2022-09-03 03:37:06 --> Column 'user_id' cannot be null
in SYSTEMPATH/Database/MySQLi/Connection.php on line 292.
 1 SYSTEMPATH/Database/MySQLi/Connection.php(292): mysqli->query('INSERT INTO `business_profiles` (`user_id`, `provider`, `business_id`, `created_at`) VALUES (NULL, \'g\', \'ChIJv4zphRfk4joRITJ6ATTGEss\', 1662194226)', 0)
 2 SYSTEMPATH/Database/BaseConnection.php(678): CodeIgniter\Database\MySQLi\Connection->execute('INSERT INTO `business_profiles` (`user_id`, `provider`, `business_id`, `created_at`) VALUES (NULL, \'g\', \'ChIJv4zphRfk4joRITJ6ATTGEss\', 1662194226)')
 3 SYSTEMPATH/Database/BaseConnection.php(606): CodeIgniter\Database\BaseConnection->simpleQuery('INSERT INTO `business_profiles` (`user_id`, `provider`, `business_id`, `created_at`) VALUES (NULL, \'g\', \'ChIJv4zphRfk4joRITJ6ATTGEss\', 1662194226)')
 4 SYSTEMPATH/Database/BaseBuilder.php(1904): CodeIgniter\Database\BaseConnection->query('INSERT INTO `business_profiles` (`user_id`, `provider`, `business_id`, `created_at`) VALUES (:user_id:, :provider:, :business_id:, :created_at:)', [...], false)
 5 SYSTEMPATH/Model.php(278): CodeIgniter\Database\BaseBuilder->insert()
 6 SYSTEMPATH/BaseModel.php(738): CodeIgniter\Model->doInsert([...])
 7 SYSTEMPATH/Model.php(666): CodeIgniter\BaseModel->insert([...], false)
 8 SYSTEMPATH/BaseModel.php(658): CodeIgniter\Model->insert([...], false)
 9 APPPATH/Controllers/Dashboard.php(66): CodeIgniter\BaseModel->save([...])
10 SYSTEMPATH/CodeIgniter.php(898): App\Controllers\Dashboard->save_business()
11 SYSTEMPATH/CodeIgniter.php(468): CodeIgniter\CodeIgniter->runController(Object(App\Controllers\Dashboard))
12 SYSTEMPATH/CodeIgniter.php(351): CodeIgniter\CodeIgniter->handleRequest(null, Object(Config\Cache), false)
13 FCPATH/index.php(55): CodeIgniter\CodeIgniter->run()
CRITICAL - 2022-09-03 03:38:00 --> Undefined variable $newReview
in APPPATH/Controllers/Dashboard.php on line 107.
 1 APPPATH/Controllers/Dashboard.php(107): CodeIgniter\Debug\Exceptions->errorHandler(2, 'Undefined variable $newReview', 'APPPATH/Controllers/Dashboard.php', 107)
 2 SYSTEMPATH/CodeIgniter.php(898): App\Controllers\Dashboard->save_business()
 3 SYSTEMPATH/CodeIgniter.php(468): CodeIgniter\CodeIgniter->runController(Object(App\Controllers\Dashboard))
 4 SYSTEMPATH/CodeIgniter.php(351): CodeIgniter\CodeIgniter->handleRequest(null, Object(Config\Cache), false)
 5 FCPATH/index.php(55): CodeIgniter\CodeIgniter->run()
